2020-09-14 10:24:19,298 - INFO - Watching for file changes with StatReloader
2020-09-14 10:24:24,944 - INFO - 用户获取稿件信息
2020-09-14 10:24:30,349 - DEBUG - Using selector: SelectSelector
2020-09-14 10:24:30,436 - DEBUG - Using selector: SelectSelector
2020-09-14 10:37:25,554 - INFO - Watching for file changes with StatReloader
2020-09-14 10:37:26,826 - DEBUG - Using selector: SelectSelector
2020-09-14 10:37:26,913 - DEBUG - Using selector: SelectSelector
2020-09-14 10:37:53,503 - INFO - Watching for file changes with StatReloader
2020-09-14 10:37:54,877 - INFO - 用户稿件上传
2020-09-14 10:38:40,773 - ERROR - Internal Server Error: /manuscript/document
Traceback (most recent call last):
  File "D:\application\python37\lib\site-packages\django\core\handlers\exception.py", line 47, in inner
    response = get_response(request)
  File "D:\application\python37\lib\site-packages\django\core\handlers\base.py", line 179, in _get_response
    response = wrapped_callback(request, *callback_args, **callback_kwargs)
  File "D:\application\python37\lib\site-packages\django\views\decorators\csrf.py", line 54, in wrapped_view
    return view_func(*args, **kwargs)
  File "D:\application\python37\lib\site-packages\django\views\generic\base.py", line 73, in view
    return self.dispatch(request, *args, **kwargs)
  File "D:\application\python37\lib\site-packages\rest_framework\views.py", line 505, in dispatch
    response = self.handle_exception(exc)
  File "D:\application\python37\lib\site-packages\rest_framework\views.py", line 465, in handle_exception
    self.raise_uncaught_exception(exc)
  File "D:\application\python37\lib\site-packages\rest_framework\views.py", line 476, in raise_uncaught_exception
    raise exc
  File "D:\application\python37\lib\site-packages\rest_framework\views.py", line 502, in dispatch
    response = handler(request, *args, **kwargs)
  File "D:\pythonCode\whutNewsManage\manuscript\views.py", line 335, in get
    manuscriptFile=open(manuscript.memeory,'rb')
AttributeError: 'ManuscriptModel' object has no attribute 'memeory'
2020-09-14 10:39:13,843 - INFO - D:\pythonCode\whutNewsManage\manuscript\views.py changed, reloading.
2020-09-14 10:39:13,843 - DEBUG - Using selector: SelectSelector
2020-09-14 10:39:15,602 - INFO - Watching for file changes with StatReloader
2020-09-14 10:39:16,328 - ERROR - Internal Server Error: /manuscript/document
Traceback (most recent call last):
  File "D:\application\python37\lib\site-packages\django\core\handlers\exception.py", line 47, in inner
    response = get_response(request)
  File "D:\application\python37\lib\site-packages\django\core\handlers\base.py", line 179, in _get_response
    response = wrapped_callback(request, *callback_args, **callback_kwargs)
  File "D:\application\python37\lib\site-packages\django\views\decorators\csrf.py", line 54, in wrapped_view
    return view_func(*args, **kwargs)
  File "D:\application\python37\lib\site-packages\django\views\generic\base.py", line 73, in view
    return self.dispatch(request, *args, **kwargs)
  File "D:\application\python37\lib\site-packages\rest_framework\views.py", line 505, in dispatch
    response = self.handle_exception(exc)
  File "D:\application\python37\lib\site-packages\rest_framework\views.py", line 465, in handle_exception
    self.raise_uncaught_exception(exc)
  File "D:\application\python37\lib\site-packages\rest_framework\views.py", line 476, in raise_uncaught_exception
    raise exc
  File "D:\application\python37\lib\site-packages\rest_framework\views.py", line 502, in dispatch
    response = handler(request, *args, **kwargs)
  File "D:\pythonCode\whutNewsManage\manuscript\views.py", line 335, in get
    manuscriptFile=open(manuscript.memeory_way,'rb')
AttributeError: 'ManuscriptModel' object has no attribute 'memeory_way'
2020-09-14 10:39:29,243 - INFO - D:\pythonCode\whutNewsManage\manuscript\views.py changed, reloading.
2020-09-14 10:39:29,244 - DEBUG - Using selector: SelectSelector
2020-09-14 10:39:30,850 - INFO - Watching for file changes with StatReloader
2020-09-14 10:41:34,508 - INFO - D:\pythonCode\whutNewsManage\manuscript\views.py changed, reloading.
2020-09-14 10:41:34,508 - DEBUG - Using selector: SelectSelector
2020-09-14 10:41:35,893 - INFO - Watching for file changes with StatReloader
2020-09-14 10:43:23,458 - INFO - D:\pythonCode\whutNewsManage\manuscript\views.py changed, reloading.
2020-09-14 10:43:23,460 - DEBUG - Using selector: SelectSelector
2020-09-14 10:43:24,829 - INFO - Watching for file changes with StatReloader
2020-09-14 10:44:41,917 - INFO - D:\pythonCode\whutNewsManage\manuscript\views.py changed, reloading.
2020-09-14 10:44:41,918 - DEBUG - Using selector: SelectSelector
2020-09-14 10:44:43,192 - INFO - Watching for file changes with StatReloader
2020-09-14 10:47:03,890 - INFO - D:\pythonCode\whutNewsManage\manuscript\views.py changed, reloading.
2020-09-14 10:47:03,890 - DEBUG - Using selector: SelectSelector
2020-09-14 10:47:05,446 - INFO - Watching for file changes with StatReloader
2020-09-14 10:47:51,464 - ERROR - Internal Server Error: /manuscript/document
Traceback (most recent call last):
  File "D:\application\python37\lib\site-packages\django\core\handlers\exception.py", line 47, in inner
    response = get_response(request)
  File "D:\application\python37\lib\site-packages\django\core\handlers\base.py", line 179, in _get_response
    response = wrapped_callback(request, *callback_args, **callback_kwargs)
  File "D:\application\python37\lib\site-packages\django\views\decorators\csrf.py", line 54, in wrapped_view
    return view_func(*args, **kwargs)
  File "D:\application\python37\lib\site-packages\django\views\generic\base.py", line 73, in view
    return self.dispatch(request, *args, **kwargs)
  File "D:\application\python37\lib\site-packages\rest_framework\views.py", line 505, in dispatch
    response = self.handle_exception(exc)
  File "D:\application\python37\lib\site-packages\rest_framework\views.py", line 465, in handle_exception
    self.raise_uncaught_exception(exc)
  File "D:\application\python37\lib\site-packages\rest_framework\views.py", line 476, in raise_uncaught_exception
    raise exc
  File "D:\application\python37\lib\site-packages\rest_framework\views.py", line 502, in dispatch
    response = handler(request, *args, **kwargs)
  File "D:\pythonCode\whutNewsManage\manuscript\views.py", line 343, in get
    downloadFileThread.join()
  File "D:\application\python37\lib\threading.py", line 1039, in join
    raise RuntimeError("cannot join thread before it is started")
RuntimeError: cannot join thread before it is started
2020-09-14 10:48:06,219 - INFO - D:\pythonCode\whutNewsManage\manuscript\views.py changed, reloading.
2020-09-14 10:48:06,219 - DEBUG - Using selector: SelectSelector
2020-09-14 10:48:07,683 - INFO - Watching for file changes with StatReloader
2020-09-14 10:48:08,352 - ERROR - Internal Server Error: /manuscript/document
Traceback (most recent call last):
  File "D:\application\python37\lib\site-packages\django\core\handlers\exception.py", line 47, in inner
    response = get_response(request)
  File "D:\application\python37\lib\site-packages\django\core\handlers\base.py", line 179, in _get_response
    response = wrapped_callback(request, *callback_args, **callback_kwargs)
  File "D:\application\python37\lib\site-packages\django\views\decorators\csrf.py", line 54, in wrapped_view
    return view_func(*args, **kwargs)
  File "D:\application\python37\lib\site-packages\django\views\generic\base.py", line 73, in view
    return self.dispatch(request, *args, **kwargs)
  File "D:\application\python37\lib\site-packages\rest_framework\views.py", line 507, in dispatch
    self.response = self.finalize_response(request, response, *args, **kwargs)
  File "D:\application\python37\lib\site-packages\rest_framework\views.py", line 422, in finalize_response
    % type(response)
AssertionError: Expected a `Response`, `HttpResponse` or `HttpStreamingResponse` to be returned from the view, but received a `<class 'NoneType'>`
2020-09-14 10:48:37,661 - INFO - D:\pythonCode\whutNewsManage\manuscript\views.py changed, reloading.
2020-09-14 10:48:37,665 - DEBUG - Using selector: SelectSelector
2020-09-14 10:48:39,340 - INFO - Watching for file changes with StatReloader
2020-09-14 10:53:32,314 - INFO - D:\pythonCode\whutNewsManage\manuscript\views.py changed, reloading.
2020-09-14 10:53:32,316 - DEBUG - Using selector: SelectSelector
2020-09-14 10:53:34,566 - INFO - Watching for file changes with StatReloader
2020-09-14 10:53:35,780 - ERROR - Internal Server Error: /manuscript/document
Traceback (most recent call last):
  File "D:\application\python37\lib\site-packages\django\core\handlers\exception.py", line 47, in inner
    response = get_response(request)
  File "D:\application\python37\lib\site-packages\django\core\handlers\base.py", line 179, in _get_response
    response = wrapped_callback(request, *callback_args, **callback_kwargs)
  File "D:\application\python37\lib\site-packages\django\views\decorators\csrf.py", line 54, in wrapped_view
    return view_func(*args, **kwargs)
  File "D:\application\python37\lib\site-packages\django\views\generic\base.py", line 73, in view
    return self.dispatch(request, *args, **kwargs)
  File "D:\application\python37\lib\site-packages\rest_framework\views.py", line 507, in dispatch
    self.response = self.finalize_response(request, response, *args, **kwargs)
  File "D:\application\python37\lib\site-packages\rest_framework\views.py", line 422, in finalize_response
    % type(response)
AssertionError: Expected a `Response`, `HttpResponse` or `HttpStreamingResponse` to be returned from the view, but received a `<class 'NoneType'>`
2020-09-14 10:54:40,870 - INFO - D:\pythonCode\whutNewsManage\manuscript\views.py changed, reloading.
2020-09-14 10:54:40,870 - DEBUG - Using selector: SelectSelector
2020-09-14 10:54:42,643 - INFO - Watching for file changes with StatReloader
2020-09-14 10:56:08,381 - INFO - D:\pythonCode\whutNewsManage\manuscript\views.py changed, reloading.
2020-09-14 10:56:08,381 - DEBUG - Using selector: SelectSelector
2020-09-14 10:56:09,645 - INFO - Watching for file changes with StatReloader
2020-09-14 11:02:59,301 - INFO - D:\pythonCode\whutNewsManage\manuscript\views.py changed, reloading.
2020-09-14 11:02:59,301 - DEBUG - Using selector: SelectSelector
2020-09-14 11:03:00,797 - INFO - Watching for file changes with StatReloader
2020-09-14 11:05:43,664 - INFO - D:\pythonCode\whutNewsManage\manuscript\views.py changed, reloading.
2020-09-14 11:05:43,665 - DEBUG - Using selector: SelectSelector
2020-09-14 11:05:45,878 - INFO - Watching for file changes with StatReloader
2020-09-14 11:13:14,249 - INFO - D:\pythonCode\whutNewsManage\manuscript\views.py changed, reloading.
2020-09-14 11:13:14,250 - DEBUG - Using selector: SelectSelector
2020-09-14 11:13:15,727 - INFO - Watching for file changes with StatReloader
2020-09-14 11:14:05,965 - INFO - D:\pythonCode\whutNewsManage\manuscript\views.py changed, reloading.
2020-09-14 11:14:05,966 - DEBUG - Using selector: SelectSelector
2020-09-14 11:14:07,421 - INFO - Watching for file changes with StatReloader
2020-09-14 11:14:39,336 - INFO - D:\pythonCode\whutNewsManage\manuscript\views.py changed, reloading.
2020-09-14 11:14:39,337 - DEBUG - Using selector: SelectSelector
2020-09-14 11:14:40,813 - INFO - Watching for file changes with StatReloader
2020-09-14 11:23:20,164 - INFO - D:\pythonCode\whutNewsManage\manuscript\views.py changed, reloading.
2020-09-14 11:23:20,165 - DEBUG - Using selector: SelectSelector
2020-09-14 11:23:22,092 - INFO - Watching for file changes with StatReloader
2020-09-14 11:23:56,556 - DEBUG - Using selector: SelectSelector
2020-09-14 11:23:56,658 - DEBUG - Using selector: SelectSelector
2020-09-14 22:37:32,171 - INFO - Watching for file changes with StatReloader
2020-09-14 22:38:35,050 - WARNING - Unauthorized: /manuscript/check
2020-09-14 22:39:29,926 - DEBUG - Using selector: SelectSelector
2020-09-14 22:39:30,006 - DEBUG - Using selector: SelectSelector
2020-09-14 22:39:36,728 - INFO - Watching for file changes with StatReloader
2020-09-14 22:41:26,336 - DEBUG - Using selector: SelectSelector
2020-09-14 22:41:26,453 - DEBUG - Using selector: SelectSelector
2020-09-14 22:41:32,111 - INFO - Watching for file changes with StatReloader
2020-09-14 22:43:15,045 - INFO - D:\pythonCode\whutNewsManage\manuscript\views.py changed, reloading.
2020-09-14 22:43:15,046 - DEBUG - Using selector: SelectSelector
2020-09-14 22:43:17,111 - INFO - Watching for file changes with StatReloader
2020-09-14 22:45:55,800 - INFO - D:\pythonCode\whutNewsManage\manuscript\views.py changed, reloading.
2020-09-14 22:45:55,803 - DEBUG - Using selector: SelectSelector
2020-09-14 22:45:58,080 - INFO - Watching for file changes with StatReloader
2020-09-14 22:55:01,532 - INFO - D:\pythonCode\whutNewsManage\manuscript\views.py changed, reloading.
2020-09-14 22:55:01,536 - DEBUG - Using selector: SelectSelector
2020-09-14 22:55:03,995 - INFO - Watching for file changes with StatReloader
2020-09-14 22:55:43,863 - ERROR - Internal Server Error: /manuscript/check
Traceback (most recent call last):
  File "D:\application\python37\lib\site-packages\django\db\backends\utils.py", line 84, in _execute
    return self.cursor.execute(sql, params)
  File "D:\application\python37\lib\site-packages\django\db\backends\sqlite3\base.py", line 413, in execute
    return Database.Cursor.execute(self, query, params)
sqlite3.OperationalError: near "is": syntax error

The above exception was the direct cause of the following exception:

Traceback (most recent call last):
  File "D:\application\python37\lib\site-packages\django\core\handlers\exception.py", line 47, in inner
    response = get_response(request)
  File "D:\application\python37\lib\site-packages\django\core\handlers\base.py", line 179, in _get_response
    response = wrapped_callback(request, *callback_args, **callback_kwargs)
  File "D:\application\python37\lib\site-packages\django\views\decorators\csrf.py", line 54, in wrapped_view
    return view_func(*args, **kwargs)
  File "D:\application\python37\lib\site-packages\django\views\generic\base.py", line 73, in view
    return self.dispatch(request, *args, **kwargs)
  File "D:\application\python37\lib\site-packages\rest_framework\views.py", line 505, in dispatch
    response = self.handle_exception(exc)
  File "D:\application\python37\lib\site-packages\rest_framework\views.py", line 465, in handle_exception
    self.raise_uncaught_exception(exc)
  File "D:\application\python37\lib\site-packages\rest_framework\views.py", line 476, in raise_uncaught_exception
    raise exc
  File "D:\application\python37\lib\site-packages\rest_framework\views.py", line 502, in dispatch
    response = handler(request, *args, **kwargs)
  File "D:\pythonCode\whutNewsManage\manuscript\views.py", line 434, in get
    page=pageNumberPagination.paginate_queryset(queryset=allCheckManuscriptRecord,request=request,view=self)
  File "D:\application\python37\lib\site-packages\rest_framework\pagination.py", line 206, in paginate_queryset
    self.page = paginator.page(page_number)
  File "D:\application\python37\lib\site-packages\django\core\paginator.py", line 73, in page
    number = self.validate_number(number)
  File "D:\application\python37\lib\site-packages\django\core\paginator.py", line 51, in validate_number
    if number > self.num_pages:
  File "D:\application\python37\lib\site-packages\django\utils\functional.py", line 48, in __get__
    res = instance.__dict__[self.name] = self.func(instance)
  File "D:\application\python37\lib\site-packages\django\core\paginator.py", line 100, in num_pages
    if self.count == 0 and not self.allow_empty_first_page:
  File "D:\application\python37\lib\site-packages\django\utils\functional.py", line 48, in __get__
    res = instance.__dict__[self.name] = self.func(instance)
  File "D:\application\python37\lib\site-packages\django\core\paginator.py", line 94, in count
    return c()
  File "D:\application\python37\lib\site-packages\django\db\models\query.py", line 411, in count
    return self.query.get_count(using=self.db)
  File "D:\application\python37\lib\site-packages\django\db\models\sql\query.py", line 515, in get_count
    number = obj.get_aggregation(using, ['__count'])['__count']
  File "D:\application\python37\lib\site-packages\django\db\models\sql\query.py", line 500, in get_aggregation
    result = compiler.execute_sql(SINGLE)
  File "D:\application\python37\lib\site-packages\django\db\models\sql\compiler.py", line 1154, in execute_sql
    cursor.execute(sql, params)
  File "D:\application\python37\lib\site-packages\django\db\backends\utils.py", line 98, in execute
    return super().execute(sql, params)
  File "D:\application\python37\lib\site-packages\django\db\backends\utils.py", line 66, in execute
    return self._execute_with_wrappers(sql, params, many=False, executor=self._execute)
  File "D:\application\python37\lib\site-packages\django\db\backends\utils.py", line 75, in _execute_with_wrappers
    return executor(sql, params, many, context)
  File "D:\application\python37\lib\site-packages\django\db\backends\utils.py", line 84, in _execute
    return self.cursor.execute(sql, params)
  File "D:\application\python37\lib\site-packages\django\db\utils.py", line 90, in __exit__
    raise dj_exc_value.with_traceback(traceback) from exc_value
  File "D:\application\python37\lib\site-packages\django\db\backends\utils.py", line 84, in _execute
    return self.cursor.execute(sql, params)
  File "D:\application\python37\lib\site-packages\django\db\backends\sqlite3\base.py", line 413, in execute
    return Database.Cursor.execute(self, query, params)
django.db.utils.OperationalError: near "is": syntax error
2020-09-14 22:55:47,882 - ERROR - Internal Server Error: /manuscript/check
Traceback (most recent call last):
  File "D:\application\python37\lib\site-packages\django\db\backends\utils.py", line 84, in _execute
    return self.cursor.execute(sql, params)
  File "D:\application\python37\lib\site-packages\django\db\backends\sqlite3\base.py", line 413, in execute
    return Database.Cursor.execute(self, query, params)
sqlite3.OperationalError: near "is": syntax error

The above exception was the direct cause of the following exception:

Traceback (most recent call last):
  File "D:\application\python37\lib\site-packages\django\core\handlers\exception.py", line 47, in inner
    response = get_response(request)
  File "D:\application\python37\lib\site-packages\django\core\handlers\base.py", line 179, in _get_response
    response = wrapped_callback(request, *callback_args, **callback_kwargs)
  File "D:\application\python37\lib\site-packages\django\views\decorators\csrf.py", line 54, in wrapped_view
    return view_func(*args, **kwargs)
  File "D:\application\python37\lib\site-packages\django\views\generic\base.py", line 73, in view
    return self.dispatch(request, *args, **kwargs)
  File "D:\application\python37\lib\site-packages\rest_framework\views.py", line 505, in dispatch
    response = self.handle_exception(exc)
  File "D:\application\python37\lib\site-packages\rest_framework\views.py", line 465, in handle_exception
    self.raise_uncaught_exception(exc)
  File "D:\application\python37\lib\site-packages\rest_framework\views.py", line 476, in raise_uncaught_exception
    raise exc
  File "D:\application\python37\lib\site-packages\rest_framework\views.py", line 502, in dispatch
    response = handler(request, *args, **kwargs)
  File "D:\pythonCode\whutNewsManage\manuscript\views.py", line 434, in get
    page=pageNumberPagination.paginate_queryset(queryset=allCheckManuscriptRecord,request=request,view=self)
  File "D:\application\python37\lib\site-packages\rest_framework\pagination.py", line 206, in paginate_queryset
    self.page = paginator.page(page_number)
  File "D:\application\python37\lib\site-packages\django\core\paginator.py", line 73, in page
    number = self.validate_number(number)
  File "D:\application\python37\lib\site-packages\django\core\paginator.py", line 51, in validate_number
    if number > self.num_pages:
  File "D:\application\python37\lib\site-packages\django\utils\functional.py", line 48, in __get__
    res = instance.__dict__[self.name] = self.func(instance)
  File "D:\application\python37\lib\site-packages\django\core\paginator.py", line 100, in num_pages
    if self.count == 0 and not self.allow_empty_first_page:
  File "D:\application\python37\lib\site-packages\django\utils\functional.py", line 48, in __get__
    res = instance.__dict__[self.name] = self.func(instance)
  File "D:\application\python37\lib\site-packages\django\core\paginator.py", line 94, in count
    return c()
  File "D:\application\python37\lib\site-packages\django\db\models\query.py", line 411, in count
    return self.query.get_count(using=self.db)
  File "D:\application\python37\lib\site-packages\django\db\models\sql\query.py", line 515, in get_count
    number = obj.get_aggregation(using, ['__count'])['__count']
  File "D:\application\python37\lib\site-packages\django\db\models\sql\query.py", line 500, in get_aggregation
    result = compiler.execute_sql(SINGLE)
  File "D:\application\python37\lib\site-packages\django\db\models\sql\compiler.py", line 1154, in execute_sql
    cursor.execute(sql, params)
  File "D:\application\python37\lib\site-packages\django\db\backends\utils.py", line 98, in execute
    return super().execute(sql, params)
  File "D:\application\python37\lib\site-packages\django\db\backends\utils.py", line 66, in execute
    return self._execute_with_wrappers(sql, params, many=False, executor=self._execute)
  File "D:\application\python37\lib\site-packages\django\db\backends\utils.py", line 75, in _execute_with_wrappers
    return executor(sql, params, many, context)
  File "D:\application\python37\lib\site-packages\django\db\backends\utils.py", line 84, in _execute
    return self.cursor.execute(sql, params)
  File "D:\application\python37\lib\site-packages\django\db\utils.py", line 90, in __exit__
    raise dj_exc_value.with_traceback(traceback) from exc_value
  File "D:\application\python37\lib\site-packages\django\db\backends\utils.py", line 84, in _execute
    return self.cursor.execute(sql, params)
  File "D:\application\python37\lib\site-packages\django\db\backends\sqlite3\base.py", line 413, in execute
    return Database.Cursor.execute(self, query, params)
django.db.utils.OperationalError: near "is": syntax error
2020-09-14 22:55:54,927 - DEBUG - Using selector: SelectSelector
2020-09-14 22:55:55,032 - DEBUG - Using selector: SelectSelector
2020-09-14 22:55:58,780 - INFO - Watching for file changes with StatReloader
2020-09-14 22:56:01,686 - ERROR - Internal Server Error: /manuscript/check
Traceback (most recent call last):
  File "D:\application\python37\lib\site-packages\django\db\backends\utils.py", line 84, in _execute
    return self.cursor.execute(sql, params)
  File "D:\application\python37\lib\site-packages\django\db\backends\sqlite3\base.py", line 413, in execute
    return Database.Cursor.execute(self, query, params)
sqlite3.OperationalError: near "is": syntax error

The above exception was the direct cause of the following exception:

Traceback (most recent call last):
  File "D:\application\python37\lib\site-packages\django\core\handlers\exception.py", line 47, in inner
    response = get_response(request)
  File "D:\application\python37\lib\site-packages\django\core\handlers\base.py", line 179, in _get_response
    response = wrapped_callback(request, *callback_args, **callback_kwargs)
  File "D:\application\python37\lib\site-packages\django\views\decorators\csrf.py", line 54, in wrapped_view
    return view_func(*args, **kwargs)
  File "D:\application\python37\lib\site-packages\django\views\generic\base.py", line 73, in view
    return self.dispatch(request, *args, **kwargs)
  File "D:\application\python37\lib\site-packages\rest_framework\views.py", line 505, in dispatch
    response = self.handle_exception(exc)
  File "D:\application\python37\lib\site-packages\rest_framework\views.py", line 465, in handle_exception
    self.raise_uncaught_exception(exc)
  File "D:\application\python37\lib\site-packages\rest_framework\views.py", line 476, in raise_uncaught_exception
    raise exc
  File "D:\application\python37\lib\site-packages\rest_framework\views.py", line 502, in dispatch
    response = handler(request, *args, **kwargs)
  File "D:\pythonCode\whutNewsManage\manuscript\views.py", line 434, in get
    page=pageNumberPagination.paginate_queryset(queryset=allCheckManuscriptRecord,request=request,view=self)
  File "D:\application\python37\lib\site-packages\rest_framework\pagination.py", line 206, in paginate_queryset
    self.page = paginator.page(page_number)
  File "D:\application\python37\lib\site-packages\django\core\paginator.py", line 73, in page
    number = self.validate_number(number)
  File "D:\application\python37\lib\site-packages\django\core\paginator.py", line 51, in validate_number
    if number > self.num_pages:
  File "D:\application\python37\lib\site-packages\django\utils\functional.py", line 48, in __get__
    res = instance.__dict__[self.name] = self.func(instance)
  File "D:\application\python37\lib\site-packages\django\core\paginator.py", line 100, in num_pages
    if self.count == 0 and not self.allow_empty_first_page:
  File "D:\application\python37\lib\site-packages\django\utils\functional.py", line 48, in __get__
    res = instance.__dict__[self.name] = self.func(instance)
  File "D:\application\python37\lib\site-packages\django\core\paginator.py", line 94, in count
    return c()
  File "D:\application\python37\lib\site-packages\django\db\models\query.py", line 411, in count
    return self.query.get_count(using=self.db)
  File "D:\application\python37\lib\site-packages\django\db\models\sql\query.py", line 515, in get_count
    number = obj.get_aggregation(using, ['__count'])['__count']
  File "D:\application\python37\lib\site-packages\django\db\models\sql\query.py", line 500, in get_aggregation
    result = compiler.execute_sql(SINGLE)
  File "D:\application\python37\lib\site-packages\django\db\models\sql\compiler.py", line 1154, in execute_sql
    cursor.execute(sql, params)
  File "D:\application\python37\lib\site-packages\django\db\backends\utils.py", line 98, in execute
    return super().execute(sql, params)
  File "D:\application\python37\lib\site-packages\django\db\backends\utils.py", line 66, in execute
    return self._execute_with_wrappers(sql, params, many=False, executor=self._execute)
  File "D:\application\python37\lib\site-packages\django\db\backends\utils.py", line 75, in _execute_with_wrappers
    return executor(sql, params, many, context)
  File "D:\application\python37\lib\site-packages\django\db\backends\utils.py", line 84, in _execute
    return self.cursor.execute(sql, params)
  File "D:\application\python37\lib\site-packages\django\db\utils.py", line 90, in __exit__
    raise dj_exc_value.with_traceback(traceback) from exc_value
  File "D:\application\python37\lib\site-packages\django\db\backends\utils.py", line 84, in _execute
    return self.cursor.execute(sql, params)
  File "D:\application\python37\lib\site-packages\django\db\backends\sqlite3\base.py", line 413, in execute
    return Database.Cursor.execute(self, query, params)
django.db.utils.OperationalError: near "is": syntax error
2020-09-14 22:57:13,621 - INFO - D:\pythonCode\whutNewsManage\manuscript\views.py changed, reloading.
2020-09-14 22:57:13,622 - DEBUG - Using selector: SelectSelector
2020-09-14 22:57:14,986 - INFO - Watching for file changes with StatReloader
2020-09-14 22:59:03,781 - INFO - D:\pythonCode\whutNewsManage\manuscript\views.py changed, reloading.
2020-09-14 22:59:03,782 - DEBUG - Using selector: SelectSelector
2020-09-14 22:59:05,630 - INFO - Watching for file changes with StatReloader
2020-09-14 23:01:27,131 - INFO - D:\pythonCode\whutNewsManage\manuscript\views.py changed, reloading.
2020-09-14 23:01:27,131 - DEBUG - Using selector: SelectSelector
2020-09-14 23:01:28,556 - INFO - Watching for file changes with StatReloader
2020-09-14 23:02:19,859 - DEBUG - Using selector: SelectSelector
2020-09-14 23:02:19,974 - DEBUG - Using selector: SelectSelector
2020-09-15 18:46:53,399 - INFO - Watching for file changes with StatReloader
2020-09-15 18:46:55,760 - DEBUG - Using selector: SelectSelector
2020-09-15 18:46:55,842 - DEBUG - Using selector: SelectSelector
2020-09-15 18:54:43,487 - INFO - Watching for file changes with StatReloader
2020-09-15 18:54:57,586 - DEBUG - Using selector: SelectSelector
2020-09-15 18:54:57,667 - DEBUG - Using selector: SelectSelector
2020-09-15 18:56:03,470 - INFO - Watching for file changes with StatReloader
2020-09-15 18:56:05,690 - DEBUG - Using selector: SelectSelector
2020-09-15 18:56:05,772 - DEBUG - Using selector: SelectSelector
2020-09-15 18:57:20,388 - INFO - Watching for file changes with StatReloader
2020-09-15 18:57:22,446 - DEBUG - Using selector: SelectSelector
2020-09-15 18:57:22,524 - DEBUG - Using selector: SelectSelector
2020-09-16 00:40:53,866 - INFO - Watching for file changes with StatReloader
2020-09-16 00:47:33,357 - WARNING - Unauthorized: /manuscript/manuscript
2020-09-16 00:47:33,386 - WARNING - Unauthorized: /manuscript/manuscript
2020-09-16 00:47:33,431 - WARNING - Unauthorized: /manuscript/manuscript
2020-09-16 00:47:33,440 - WARNING - Unauthorized: /manuscript/manuscript
2020-09-16 00:47:33,455 - WARNING - Unauthorized: /manuscript/manuscript
2020-09-16 00:47:33,461 - WARNING - Unauthorized: /manuscript/manuscript
2020-09-16 00:47:33,466 - WARNING - Unauthorized: /manuscript/manuscript
2020-09-16 00:47:33,470 - WARNING - Unauthorized: /manuscript/manuscript
2020-09-16 00:47:33,482 - WARNING - Unauthorized: /manuscript/manuscript
2020-09-16 00:47:33,497 - WARNING - Unauthorized: /manuscript/manuscript
2020-09-16 00:47:33,535 - WARNING - Unauthorized: /manuscript/manuscript
2020-09-16 00:47:33,702 - WARNING - Unauthorized: /manuscript/manuscript
2020-09-16 00:47:33,646 - WARNING - Unauthorized: /manuscript/manuscript
2020-09-16 00:47:33,658 - WARNING - Unauthorized: /manuscript/manuscript
2020-09-16 00:47:33,665 - WARNING - Unauthorized: /manuscript/manuscript
2020-09-16 00:47:33,654 - WARNING - Unauthorized: /manuscript/manuscript
2020-09-16 00:47:33,737 - WARNING - Unauthorized: /manuscript/manuscript
2020-09-16 00:47:33,749 - WARNING - Unauthorized: /manuscript/manuscript
2020-09-16 00:47:33,758 - WARNING - Unauthorized: /manuscript/manuscript
2020-09-16 00:47:33,764 - WARNING - Unauthorized: /manuscript/manuscript
2020-09-16 00:47:33,774 - WARNING - Unauthorized: /manuscript/manuscript
2020-09-16 00:47:33,781 - WARNING - Unauthorized: /manuscript/manuscript
2020-09-16 00:47:33,786 - WARNING - Unauthorized: /manuscript/manuscript
2020-09-16 00:47:33,790 - WARNING - Unauthorized: /manuscript/manuscript
2020-09-16 00:47:33,796 - WARNING - Unauthorized: /manuscript/manuscript
2020-09-16 00:47:33,804 - WARNING - Unauthorized: /manuscript/manuscript
2020-09-16 00:47:33,809 - WARNING - Unauthorized: /manuscript/manuscript
2020-09-16 00:47:33,829 - WARNING - Unauthorized: /manuscript/manuscript
2020-09-16 00:47:33,836 - WARNING - Unauthorized: /manuscript/manuscript
2020-09-16 00:47:33,839 - WARNING - Unauthorized: /manuscript/manuscript
2020-09-16 00:47:33,842 - WARNING - Unauthorized: /manuscript/manuscript
2020-09-16 00:47:33,846 - WARNING - Unauthorized: /manuscript/manuscript
2020-09-16 00:47:33,846 - WARNING - Unauthorized: /manuscript/manuscript
2020-09-16 00:47:33,852 - WARNING - Unauthorized: /manuscript/manuscript
2020-09-16 00:47:33,858 - WARNING - Unauthorized: /manuscript/manuscript
2020-09-16 00:47:33,929 - WARNING - Unauthorized: /manuscript/manuscript
2020-09-16 00:47:33,932 - WARNING - Unauthorized: /manuscript/manuscript
2020-09-16 00:47:33,941 - WARNING - Unauthorized: /manuscript/manuscript
2020-09-16 00:47:33,947 - WARNING - Unauthorized: /manuscript/manuscript
2020-09-16 00:47:33,954 - WARNING - Unauthorized: /manuscript/manuscript
2020-09-16 00:47:33,963 - WARNING - Unauthorized: /manuscript/manuscript
2020-09-16 00:47:33,967 - WARNING - Unauthorized: /manuscript/manuscript
2020-09-16 00:47:33,975 - WARNING - Unauthorized: /manuscript/manuscript
2020-09-16 00:47:33,979 - WARNING - Unauthorized: /manuscript/manuscript
2020-09-16 00:47:33,987 - WARNING - Unauthorized: /manuscript/manuscript
2020-09-16 00:47:33,991 - WARNING - Unauthorized: /manuscript/manuscript
2020-09-16 00:47:33,995 - WARNING - Unauthorized: /manuscript/manuscript
2020-09-16 00:47:34,002 - WARNING - Unauthorized: /manuscript/manuscript
2020-09-16 00:47:34,007 - WARNING - Unauthorized: /manuscript/manuscript
2020-09-16 00:47:34,012 - WARNING - Unauthorized: /manuscript/manuscript
2020-09-16 00:47:34,016 - WARNING - Unauthorized: /manuscript/manuscript
2020-09-16 00:47:34,021 - WARNING - Unauthorized: /manuscript/manuscript
2020-09-16 00:47:34,026 - WARNING - Unauthorized: /manuscript/manuscript
2020-09-16 00:47:34,028 - WARNING - Unauthorized: /manuscript/manuscript
2020-09-16 00:47:34,036 - WARNING - Unauthorized: /manuscript/manuscript
2020-09-16 00:47:34,041 - WARNING - Unauthorized: /manuscript/manuscript
2020-09-16 00:47:34,050 - WARNING - Unauthorized: /manuscript/manuscript
2020-09-16 00:47:34,055 - WARNING - Unauthorized: /manuscript/manuscript
2020-09-16 00:47:34,066 - WARNING - Unauthorized: /manuscript/manuscript
2020-09-16 00:47:34,070 - WARNING - Unauthorized: /manuscript/manuscript
2020-09-16 00:47:34,075 - WARNING - Unauthorized: /manuscript/manuscript
2020-09-16 00:47:34,079 - WARNING - Unauthorized: /manuscript/manuscript
2020-09-16 00:47:34,086 - WARNING - Unauthorized: /manuscript/manuscript
2020-09-16 00:47:34,089 - WARNING - Unauthorized: /manuscript/manuscript
2020-09-16 00:47:34,095 - WARNING - Unauthorized: /manuscript/manuscript
2020-09-16 00:47:34,101 - WARNING - Unauthorized: /manuscript/manuscript
2020-09-16 00:47:34,105 - WARNING - Unauthorized: /manuscript/manuscript
2020-09-16 00:47:34,109 - WARNING - Unauthorized: /manuscript/manuscript
2020-09-16 00:47:34,115 - WARNING - Unauthorized: /manuscript/manuscript
2020-09-16 00:47:34,121 - WARNING - Unauthorized: /manuscript/manuscript
2020-09-16 00:47:34,126 - WARNING - Unauthorized: /manuscript/manuscript
2020-09-16 00:47:34,131 - WARNING - Unauthorized: /manuscript/manuscript
2020-09-16 00:47:34,315 - WARNING - Unauthorized: /manuscript/manuscript
2020-09-16 00:47:34,365 - WARNING - Unauthorized: /manuscript/manuscript
2020-09-16 00:47:34,372 - WARNING - Unauthorized: /manuscript/manuscript
2020-09-16 00:47:34,375 - WARNING - Unauthorized: /manuscript/manuscript
2020-09-16 00:47:34,380 - WARNING - Unauthorized: /manuscript/manuscript
2020-09-16 00:47:34,391 - WARNING - Unauthorized: /manuscript/manuscript
2020-09-16 00:47:34,439 - WARNING - Unauthorized: /manuscript/manuscript
2020-09-16 00:47:34,443 - WARNING - Unauthorized: /manuscript/manuscript
2020-09-16 00:47:34,451 - WARNING - Unauthorized: /manuscript/manuscript
2020-09-16 00:47:34,456 - WARNING - Unauthorized: /manuscript/manuscript
2020-09-16 00:47:34,459 - WARNING - Unauthorized: /manuscript/manuscript
2020-09-16 00:47:34,465 - WARNING - Unauthorized: /manuscript/manuscript
2020-09-16 00:47:34,469 - WARNING - Unauthorized: /manuscript/manuscript
2020-09-16 00:47:34,473 - WARNING - Unauthorized: /manuscript/manuscript
2020-09-16 00:47:34,478 - WARNING - Unauthorized: /manuscript/manuscript
2020-09-16 00:47:34,481 - WARNING - Unauthorized: /manuscript/manuscript
2020-09-16 00:47:34,486 - WARNING - Unauthorized: /manuscript/manuscript
2020-09-16 00:47:34,490 - WARNING - Unauthorized: /manuscript/manuscript
2020-09-16 00:47:34,493 - WARNING - Unauthorized: /manuscript/manuscript
2020-09-16 00:47:34,497 - WARNING - Unauthorized: /manuscript/manuscript
2020-09-16 00:47:34,502 - WARNING - Unauthorized: /manuscript/manuscript
2020-09-16 00:47:34,505 - WARNING - Unauthorized: /manuscript/manuscript
2020-09-16 00:47:34,509 - WARNING - Unauthorized: /manuscript/manuscript
2020-09-16 00:47:34,514 - WARNING - Unauthorized: /manuscript/manuscript
2020-09-16 00:47:34,519 - WARNING - Unauthorized: /manuscript/manuscript
2020-09-16 00:47:34,524 - WARNING - Unauthorized: /manuscript/manuscript
2020-09-16 00:47:34,526 - WARNING - Unauthorized: /manuscript/manuscript
2020-09-16 00:47:34,532 - WARNING - Unauthorized: /manuscript/manuscript
2020-09-16 00:47:34,536 - WARNING - Unauthorized: /manuscript/manuscript
2020-09-16 00:47:34,540 - WARNING - Unauthorized: /manuscript/manuscript
2020-09-16 00:47:34,547 - WARNING - Unauthorized: /manuscript/manuscript
2020-09-16 00:47:34,550 - WARNING - Unauthorized: /manuscript/manuscript
2020-09-16 00:47:34,563 - WARNING - Unauthorized: /manuscript/manuscript
2020-09-16 00:47:34,567 - WARNING - Unauthorized: /manuscript/manuscript
2020-09-16 00:47:34,570 - WARNING - Unauthorized: /manuscript/manuscript
2020-09-16 00:47:34,573 - WARNING - Unauthorized: /manuscript/manuscript
2020-09-16 00:47:34,578 - WARNING - Unauthorized: /manuscript/manuscript
2020-09-16 00:47:34,584 - WARNING - Unauthorized: /manuscript/manuscript
2020-09-16 00:47:34,594 - WARNING - Unauthorized: /manuscript/manuscript
2020-09-16 00:47:34,598 - WARNING - Unauthorized: /manuscript/manuscript
2020-09-16 00:47:34,606 - WARNING - Unauthorized: /manuscript/manuscript
2020-09-16 00:47:34,610 - WARNING - Unauthorized: /manuscript/manuscript
2020-09-16 00:47:34,616 - WARNING - Unauthorized: /manuscript/manuscript
2020-09-16 00:47:34,620 - WARNING - Unauthorized: /manuscript/manuscript
2020-09-16 00:47:34,628 - WARNING - Unauthorized: /manuscript/manuscript
2020-09-16 00:47:34,633 - WARNING - Unauthorized: /manuscript/manuscript
2020-09-16 00:47:34,639 - WARNING - Unauthorized: /manuscript/manuscript
2020-09-16 00:47:34,645 - WARNING - Unauthorized: /manuscript/manuscript
2020-09-16 00:47:34,652 - WARNING - Unauthorized: /manuscript/manuscript
2020-09-16 00:47:34,658 - WARNING - Unauthorized: /manuscript/manuscript
2020-09-16 00:47:34,668 - WARNING - Unauthorized: /manuscript/manuscript
2020-09-16 00:47:34,671 - WARNING - Unauthorized: /manuscript/manuscript
2020-09-16 00:47:34,675 - WARNING - Unauthorized: /manuscript/manuscript
2020-09-16 00:47:34,683 - WARNING - Unauthorized: /manuscript/manuscript
2020-09-16 00:47:34,687 - WARNING - Unauthorized: /manuscript/manuscript
2020-09-16 00:47:34,691 - WARNING - Unauthorized: /manuscript/manuscript
2020-09-16 00:47:34,697 - WARNING - Unauthorized: /manuscript/manuscript
2020-09-16 00:47:34,706 - WARNING - Unauthorized: /manuscript/manuscript
2020-09-16 00:47:34,713 - WARNING - Unauthorized: /manuscript/manuscript
2020-09-16 00:47:34,717 - WARNING - Unauthorized: /manuscript/manuscript
2020-09-16 00:47:34,720 - WARNING - Unauthorized: /manuscript/manuscript
2020-09-16 00:47:34,724 - WARNING - Unauthorized: /manuscript/manuscript
2020-09-16 00:47:34,728 - WARNING - Unauthorized: /manuscript/manuscript
2020-09-16 00:47:34,734 - WARNING - Unauthorized: /manuscript/manuscript
2020-09-16 00:47:34,738 - WARNING - Unauthorized: /manuscript/manuscript
2020-09-16 00:47:34,742 - WARNING - Unauthorized: /manuscript/manuscript
2020-09-16 00:47:34,745 - WARNING - Unauthorized: /manuscript/manuscript
2020-09-16 00:47:34,749 - WARNING - Unauthorized: /manuscript/manuscript
2020-09-16 00:47:34,753 - WARNING - Unauthorized: /manuscript/manuscript
2020-09-16 00:47:34,757 - WARNING - Unauthorized: /manuscript/manuscript
2020-09-16 00:47:34,761 - WARNING - Unauthorized: /manuscript/manuscript
2020-09-16 00:47:34,777 - WARNING - Unauthorized: /manuscript/manuscript
2020-09-16 00:47:34,780 - WARNING - Unauthorized: /manuscript/manuscript
2020-09-16 00:47:34,784 - WARNING - Unauthorized: /manuscript/manuscript
2020-09-16 00:47:34,788 - WARNING - Unauthorized: /manuscript/manuscript
2020-09-16 00:47:34,794 - WARNING - Unauthorized: /manuscript/manuscript
2020-09-16 00:47:34,797 - WARNING - Unauthorized: /manuscript/manuscript
2020-09-16 00:47:34,803 - WARNING - Unauthorized: /manuscript/manuscript
2020-09-16 00:47:34,806 - WARNING - Unauthorized: /manuscript/manuscript
2020-09-16 00:47:34,810 - WARNING - Unauthorized: /manuscript/manuscript
2020-09-16 00:47:34,816 - WARNING - Unauthorized: /manuscript/manuscript
2020-09-16 00:47:34,820 - WARNING - Unauthorized: /manuscript/manuscript
2020-09-16 00:47:34,825 - WARNING - Unauthorized: /manuscript/manuscript
2020-09-16 00:47:34,830 - WARNING - Unauthorized: /manuscript/manuscript
2020-09-16 00:47:34,833 - WARNING - Unauthorized: /manuscript/manuscript
2020-09-16 00:47:34,838 - WARNING - Unauthorized: /manuscript/manuscript
2020-09-16 00:47:34,842 - WARNING - Unauthorized: /manuscript/manuscript
2020-09-16 00:47:34,850 - WARNING - Unauthorized: /manuscript/manuscript
2020-09-16 00:47:34,855 - WARNING - Unauthorized: /manuscript/manuscript
2020-09-16 00:47:34,860 - WARNING - Unauthorized: /manuscript/manuscript
2020-09-16 00:47:34,868 - WARNING - Unauthorized: /manuscript/manuscript
2020-09-16 00:47:34,870 - WARNING - Unauthorized: /manuscript/manuscript
2020-09-16 00:47:34,878 - WARNING - Unauthorized: /manuscript/manuscript
2020-09-16 00:47:34,883 - WARNING - Unauthorized: /manuscript/manuscript
2020-09-16 00:47:34,886 - WARNING - Unauthorized: /manuscript/manuscript
2020-09-16 00:47:34,890 - WARNING - Unauthorized: /manuscript/manuscript
2020-09-16 00:47:34,925 - WARNING - Unauthorized: /manuscript/manuscript
2020-09-16 00:47:34,930 - WARNING - Unauthorized: /manuscript/manuscript
2020-09-16 00:47:34,934 - WARNING - Unauthorized: /manuscript/manuscript
2020-09-16 00:47:34,941 - WARNING - Unauthorized: /manuscript/manuscript
2020-09-16 00:47:34,966 - WARNING - Unauthorized: /manuscript/manuscript
2020-09-16 00:47:34,968 - WARNING - Unauthorized: /manuscript/manuscript
2020-09-16 00:47:34,974 - WARNING - Unauthorized: /manuscript/manuscript
2020-09-16 00:47:35,029 - WARNING - Unauthorized: /manuscript/manuscript
2020-09-16 00:47:35,036 - WARNING - Unauthorized: /manuscript/manuscript
2020-09-16 00:47:35,040 - WARNING - Unauthorized: /manuscript/manuscript
2020-09-16 00:47:35,071 - WARNING - Unauthorized: /manuscript/manuscript
2020-09-16 00:47:35,085 - WARNING - Unauthorized: /manuscript/manuscript
2020-09-16 00:47:35,088 - WARNING - Unauthorized: /manuscript/manuscript
2020-09-16 00:47:35,110 - WARNING - Unauthorized: /manuscript/manuscript
2020-09-16 00:47:35,132 - WARNING - Unauthorized: /manuscript/manuscript
2020-09-16 00:47:35,136 - WARNING - Unauthorized: /manuscript/manuscript
2020-09-16 00:47:35,140 - WARNING - Unauthorized: /manuscript/manuscript
2020-09-16 00:47:35,145 - WARNING - Unauthorized: /manuscript/manuscript
2020-09-16 00:47:35,161 - WARNING - Unauthorized: /manuscript/manuscript
2020-09-16 00:47:35,168 - WARNING - Unauthorized: /manuscript/manuscript
2020-09-16 00:47:35,176 - WARNING - Unauthorized: /manuscript/manuscript
2020-09-16 00:47:35,180 - WARNING - Unauthorized: /manuscript/manuscript
2020-09-16 00:47:35,186 - WARNING - Unauthorized: /manuscript/manuscript
2020-09-16 00:47:35,193 - WARNING - Unauthorized: /manuscript/manuscript
2020-09-16 00:47:35,197 - WARNING - Unauthorized: /manuscript/manuscript
2020-09-16 00:47:35,212 - WARNING - Unauthorized: /manuscript/manuscript
2020-09-16 00:47:35,221 - WARNING - Unauthorized: /manuscript/manuscript
2020-09-16 00:47:35,233 - WARNING - Unauthorized: /manuscript/manuscript
2020-09-16 00:47:35,237 - WARNING - Unauthorized: /manuscript/manuscript
2020-09-16 00:47:35,239 - WARNING - Unauthorized: /manuscript/manuscript
2020-09-16 00:47:35,243 - WARNING - Unauthorized: /manuscript/manuscript
2020-09-16 00:47:35,247 - WARNING - Unauthorized: /manuscript/manuscript
2020-09-16 00:47:35,251 - WARNING - Unauthorized: /manuscript/manuscript
2020-09-16 00:47:35,256 - WARNING - Unauthorized: /manuscript/manuscript
2020-09-16 00:47:35,261 - WARNING - Unauthorized: /manuscript/manuscript
2020-09-16 00:47:35,265 - WARNING - Unauthorized: /manuscript/manuscript
2020-09-16 00:47:35,270 - WARNING - Unauthorized: /manuscript/manuscript
2020-09-16 00:47:35,274 - WARNING - Unauthorized: /manuscript/manuscript
2020-09-16 00:47:35,279 - WARNING - Unauthorized: /manuscript/manuscript
2020-09-16 00:47:35,285 - WARNING - Unauthorized: /manuscript/manuscript
2020-09-16 00:47:35,289 - WARNING - Unauthorized: /manuscript/manuscript
2020-09-16 00:47:35,292 - WARNING - Unauthorized: /manuscript/manuscript
2020-09-16 00:47:35,297 - WARNING - Unauthorized: /manuscript/manuscript
2020-09-16 00:47:35,300 - WARNING - Unauthorized: /manuscript/manuscript
2020-09-16 00:47:35,303 - WARNING - Unauthorized: /manuscript/manuscript
2020-09-16 00:47:35,307 - WARNING - Unauthorized: /manuscript/manuscript
2020-09-16 00:47:35,313 - WARNING - Unauthorized: /manuscript/manuscript
2020-09-16 00:47:35,315 - WARNING - Unauthorized: /manuscript/manuscript
2020-09-16 00:47:35,323 - WARNING - Unauthorized: /manuscript/manuscript
2020-09-16 00:47:35,326 - WARNING - Unauthorized: /manuscript/manuscript
2020-09-16 00:47:35,358 - WARNING - Unauthorized: /manuscript/manuscript
2020-09-16 00:47:35,362 - WARNING - Unauthorized: /manuscript/manuscript
2020-09-16 00:47:35,380 - WARNING - Unauthorized: /manuscript/manuscript
2020-09-16 00:47:35,383 - WARNING - Unauthorized: /manuscript/manuscript
2020-09-16 00:47:35,388 - WARNING - Unauthorized: /manuscript/manuscript
2020-09-16 00:47:35,391 - WARNING - Unauthorized: /manuscript/manuscript
2020-09-16 00:47:35,395 - WARNING - Unauthorized: /manuscript/manuscript
2020-09-16 00:47:35,413 - WARNING - Unauthorized: /manuscript/manuscript
2020-09-16 00:47:35,442 - WARNING - Unauthorized: /manuscript/manuscript
2020-09-16 00:47:35,483 - WARNING - Unauthorized: /manuscript/manuscript
2020-09-16 00:47:35,494 - WARNING - Unauthorized: /manuscript/manuscript
2020-09-16 00:47:35,504 - WARNING - Unauthorized: /manuscript/manuscript
2020-09-16 00:47:35,518 - WARNING - Unauthorized: /manuscript/manuscript
2020-09-16 00:47:35,540 - WARNING - Unauthorized: /manuscript/manuscript
2020-09-16 00:47:35,548 - WARNING - Unauthorized: /manuscript/manuscript
2020-09-16 00:47:35,565 - WARNING - Unauthorized: /manuscript/manuscript
2020-09-16 00:47:35,570 - WARNING - Unauthorized: /manuscript/manuscript
2020-09-16 00:47:35,577 - WARNING - Unauthorized: /manuscript/manuscript
2020-09-16 00:47:35,581 - WARNING - Unauthorized: /manuscript/manuscript
2020-09-16 00:47:35,589 - WARNING - Unauthorized: /manuscript/manuscript
2020-09-16 00:47:35,597 - WARNING - Unauthorized: /manuscript/manuscript
2020-09-16 00:47:35,601 - WARNING - Unauthorized: /manuscript/manuscript
2020-09-16 00:47:35,608 - WARNING - Unauthorized: /manuscript/manuscript
2020-09-16 00:47:35,612 - WARNING - Unauthorized: /manuscript/manuscript
2020-09-16 00:47:35,618 - WARNING - Unauthorized: /manuscript/manuscript
2020-09-16 00:47:35,630 - WARNING - Unauthorized: /manuscript/manuscript
2020-09-16 00:47:35,634 - WARNING - Unauthorized: /manuscript/manuscript
2020-09-16 00:47:35,641 - WARNING - Unauthorized: /manuscript/manuscript
2020-09-16 00:47:35,648 - WARNING - Unauthorized: /manuscript/manuscript
2020-09-16 00:47:35,657 - WARNING - Unauthorized: /manuscript/manuscript
2020-09-16 00:47:35,666 - WARNING - Unauthorized: /manuscript/manuscript
2020-09-16 00:47:35,672 - WARNING - Unauthorized: /manuscript/manuscript
2020-09-16 00:47:35,682 - WARNING - Unauthorized: /manuscript/manuscript
2020-09-16 00:47:35,689 - WARNING - Unauthorized: /manuscript/manuscript
2020-09-16 00:47:35,726 - WARNING - Unauthorized: /manuscript/manuscript
2020-09-16 00:47:35,742 - WARNING - Unauthorized: /manuscript/manuscript
2020-09-16 00:47:35,745 - WARNING - Unauthorized: /manuscript/manuscript
2020-09-16 00:47:35,760 - WARNING - Unauthorized: /manuscript/manuscript
2020-09-16 00:47:35,789 - WARNING - Unauthorized: /manuscript/manuscript
2020-09-16 00:47:35,802 - WARNING - Unauthorized: /manuscript/manuscript
2020-09-16 00:47:35,809 - WARNING - Unauthorized: /manuscript/manuscript
2020-09-16 00:47:35,815 - WARNING - Unauthorized: /manuscript/manuscript
2020-09-16 00:47:35,819 - WARNING - Unauthorized: /manuscript/manuscript
2020-09-16 00:47:35,824 - WARNING - Unauthorized: /manuscript/manuscript
2020-09-16 00:47:35,826 - WARNING - Unauthorized: /manuscript/manuscript
2020-09-16 00:47:35,832 - WARNING - Unauthorized: /manuscript/manuscript
2020-09-16 00:47:48,734 - WARNING - Unauthorized: /manuscript/manuscript
2020-09-16 00:47:48,752 - WARNING - Unauthorized: /manuscript/manuscript
2020-09-16 00:47:48,872 - WARNING - Unauthorized: /manuscript/manuscript
2020-09-16 00:47:48,970 - WARNING - Unauthorized: /manuscript/manuscript
2020-09-16 00:47:48,989 - WARNING - Unauthorized: /manuscript/manuscript
2020-09-16 00:47:49,000 - WARNING - Unauthorized: /manuscript/manuscript
2020-09-16 00:47:49,032 - WARNING - Unauthorized: /manuscript/manuscript
2020-09-16 00:47:49,044 - WARNING - Unauthorized: /manuscript/manuscript
2020-09-16 00:47:49,050 - WARNING - Unauthorized: /manuscript/manuscript
2020-09-16 00:47:49,057 - WARNING - Unauthorized: /manuscript/manuscript
2020-09-16 00:47:49,064 - WARNING - Unauthorized: /manuscript/manuscript
2020-09-16 00:47:49,069 - WARNING - Unauthorized: /manuscript/manuscript
2020-09-16 00:47:49,081 - WARNING - Unauthorized: /manuscript/manuscript
2020-09-16 00:47:49,085 - WARNING - Unauthorized: /manuscript/manuscript
2020-09-16 00:47:49,090 - WARNING - Unauthorized: /manuscript/manuscript
2020-09-16 00:47:49,092 - WARNING - Unauthorized: /manuscript/manuscript
2020-09-16 00:47:49,096 - WARNING - Unauthorized: /manuscript/manuscript
2020-09-16 00:47:49,100 - WARNING - Unauthorized: /manuscript/manuscript
2020-09-16 00:47:49,128 - WARNING - Unauthorized: /manuscript/manuscript
2020-09-16 00:47:49,138 - WARNING - Unauthorized: /manuscript/manuscript
2020-09-16 00:47:49,149 - WARNING - Unauthorized: /manuscript/manuscript
2020-09-16 00:47:49,161 - WARNING - Unauthorized: /manuscript/manuscript
2020-09-16 00:47:49,169 - WARNING - Unauthorized: /manuscript/manuscript
2020-09-16 00:47:49,177 - WARNING - Unauthorized: /manuscript/manuscript
2020-09-16 00:47:49,182 - WARNING - Unauthorized: /manuscript/manuscript
2020-09-16 00:47:49,197 - WARNING - Unauthorized: /manuscript/manuscript
2020-09-16 00:47:49,206 - WARNING - Unauthorized: /manuscript/manuscript
2020-09-16 00:47:49,212 - WARNING - Unauthorized: /manuscript/manuscript
2020-09-16 00:47:49,221 - WARNING - Unauthorized: /manuscript/manuscript
2020-09-16 00:47:49,228 - WARNING - Unauthorized: /manuscript/manuscript
2020-09-16 00:47:49,260 - WARNING - Unauthorized: /manuscript/manuscript
2020-09-16 00:47:49,298 - WARNING - Unauthorized: /manuscript/manuscript
2020-09-16 00:47:49,315 - WARNING - Unauthorized: /manuscript/manuscript
2020-09-16 00:47:49,333 - WARNING - Unauthorized: /manuscript/manuscript
2020-09-16 00:47:49,340 - WARNING - Unauthorized: /manuscript/manuscript
2020-09-16 00:47:49,351 - WARNING - Unauthorized: /manuscript/manuscript
2020-09-16 00:47:49,391 - WARNING - Unauthorized: /manuscript/manuscript
2020-09-16 00:47:49,400 - WARNING - Unauthorized: /manuscript/manuscript
2020-09-16 00:47:49,407 - WARNING - Unauthorized: /manuscript/manuscript
2020-09-16 00:47:49,416 - WARNING - Unauthorized: /manuscript/manuscript
2020-09-16 00:47:49,436 - WARNING - Unauthorized: /manuscript/manuscript
2020-09-16 00:47:49,459 - WARNING - Unauthorized: /manuscript/manuscript
2020-09-16 00:47:49,466 - WARNING - Unauthorized: /manuscript/manuscript
2020-09-16 00:47:49,470 - WARNING - Unauthorized: /manuscript/manuscript
2020-09-16 00:47:49,488 - WARNING - Unauthorized: /manuscript/manuscript
2020-09-16 00:47:49,496 - WARNING - Unauthorized: /manuscript/manuscript
2020-09-16 00:47:49,509 - WARNING - Unauthorized: /manuscript/manuscript
2020-09-16 00:47:49,522 - WARNING - Unauthorized: /manuscript/manuscript
2020-09-16 00:47:49,627 - WARNING - Unauthorized: /manuscript/manuscript
2020-09-16 00:47:49,631 - WARNING - Unauthorized: /manuscript/manuscript
2020-09-16 00:47:49,666 - WARNING - Unauthorized: /manuscript/manuscript
2020-09-16 00:47:49,687 - WARNING - Unauthorized: /manuscript/manuscript
2020-09-16 00:47:49,694 - WARNING - Unauthorized: /manuscript/manuscript
2020-09-16 00:47:49,701 - WARNING - Unauthorized: /manuscript/manuscript
2020-09-16 00:47:49,710 - WARNING - Unauthorized: /manuscript/manuscript
2020-09-16 00:47:49,752 - WARNING - Unauthorized: /manuscript/manuscript
2020-09-16 00:47:49,784 - WARNING - Unauthorized: /manuscript/manuscript
2020-09-16 00:47:49,792 - WARNING - Unauthorized: /manuscript/manuscript
2020-09-16 00:47:49,804 - WARNING - Unauthorized: /manuscript/manuscript
2020-09-16 00:47:49,834 - WARNING - Unauthorized: /manuscript/manuscript
2020-09-16 00:47:49,844 - WARNING - Unauthorized: /manuscript/manuscript
2020-09-16 00:47:49,870 - WARNING - Unauthorized: /manuscript/manuscript
2020-09-16 00:47:49,875 - WARNING - Unauthorized: /manuscript/manuscript
2020-09-16 00:47:49,888 - WARNING - Unauthorized: /manuscript/manuscript
2020-09-16 00:47:49,902 - WARNING - Unauthorized: /manuscript/manuscript
2020-09-16 00:47:49,915 - WARNING - Unauthorized: /manuscript/manuscript
2020-09-16 00:47:49,918 - WARNING - Unauthorized: /manuscript/manuscript
2020-09-16 00:47:49,925 - WARNING - Unauthorized: /manuscript/manuscript
2020-09-16 00:47:49,936 - WARNING - Unauthorized: /manuscript/manuscript
2020-09-16 00:47:49,953 - WARNING - Unauthorized: /manuscript/manuscript
2020-09-16 00:47:49,962 - WARNING - Unauthorized: /manuscript/manuscript
2020-09-16 00:47:49,967 - WARNING - Unauthorized: /manuscript/manuscript
2020-09-16 00:47:49,970 - WARNING - Unauthorized: /manuscript/manuscript
2020-09-16 00:47:49,976 - WARNING - Unauthorized: /manuscript/manuscript
2020-09-16 00:47:49,986 - WARNING - Unauthorized: /manuscript/manuscript
2020-09-16 00:47:49,992 - WARNING - Unauthorized: /manuscript/manuscript
2020-09-16 00:47:49,996 - WARNING - Unauthorized: /manuscript/manuscript
2020-09-16 00:47:50,000 - WARNING - Unauthorized: /manuscript/manuscript
2020-09-16 00:47:50,007 - WARNING - Unauthorized: /manuscript/manuscript
2020-09-16 00:47:50,010 - WARNING - Unauthorized: /manuscript/manuscript
2020-09-16 00:47:50,015 - WARNING - Unauthorized: /manuscript/manuscript
2020-09-16 00:47:50,021 - WARNING - Unauthorized: /manuscript/manuscript
2020-09-16 00:47:50,027 - WARNING - Unauthorized: /manuscript/manuscript
2020-09-16 00:47:50,033 - WARNING - Unauthorized: /manuscript/manuscript
2020-09-16 00:47:50,037 - WARNING - Unauthorized: /manuscript/manuscript
2020-09-16 00:47:50,044 - WARNING - Unauthorized: /manuscript/manuscript
2020-09-16 00:47:50,049 - WARNING - Unauthorized: /manuscript/manuscript
2020-09-16 00:47:50,053 - WARNING - Unauthorized: /manuscript/manuscript
2020-09-16 00:47:50,056 - WARNING - Unauthorized: /manuscript/manuscript
2020-09-16 00:47:50,059 - WARNING - Unauthorized: /manuscript/manuscript
2020-09-16 00:47:50,071 - WARNING - Unauthorized: /manuscript/manuscript
2020-09-16 00:47:50,086 - WARNING - Unauthorized: /manuscript/manuscript
2020-09-16 00:47:50,089 - WARNING - Unauthorized: /manuscript/manuscript
2020-09-16 00:47:50,102 - WARNING - Unauthorized: /manuscript/manuscript
2020-09-16 00:47:50,103 - WARNING - Unauthorized: /manuscript/manuscript
2020-09-16 00:47:50,109 - WARNING - Unauthorized: /manuscript/manuscript
2020-09-16 00:47:50,119 - WARNING - Unauthorized: /manuscript/manuscript
2020-09-16 00:47:50,129 - WARNING - Unauthorized: /manuscript/manuscript
2020-09-16 00:47:50,133 - WARNING - Unauthorized: /manuscript/manuscript
2020-09-16 00:47:50,139 - WARNING - Unauthorized: /manuscript/manuscript
2020-09-16 00:47:50,143 - WARNING - Unauthorized: /manuscript/manuscript
2020-09-16 00:47:50,146 - WARNING - Unauthorized: /manuscript/manuscript
2020-09-16 00:47:50,154 - WARNING - Unauthorized: /manuscript/manuscript
2020-09-16 00:47:50,160 - WARNING - Unauthorized: /manuscript/manuscript
2020-09-16 00:47:50,167 - WARNING - Unauthorized: /manuscript/manuscript
2020-09-16 00:47:50,170 - WARNING - Unauthorized: /manuscript/manuscript
2020-09-16 00:47:50,175 - WARNING - Unauthorized: /manuscript/manuscript
2020-09-16 00:47:50,180 - WARNING - Unauthorized: /manuscript/manuscript
2020-09-16 00:47:50,184 - WARNING - Unauthorized: /manuscript/manuscript
2020-09-16 00:47:50,188 - WARNING - Unauthorized: /manuscript/manuscript
2020-09-16 00:47:50,192 - WARNING - Unauthorized: /manuscript/manuscript
2020-09-16 00:47:50,199 - WARNING - Unauthorized: /manuscript/manuscript
2020-09-16 00:47:50,201 - WARNING - Unauthorized: /manuscript/manuscript
2020-09-16 00:47:50,206 - WARNING - Unauthorized: /manuscript/manuscript
2020-09-16 00:47:50,209 - WARNING - Unauthorized: /manuscript/manuscript
2020-09-16 00:47:50,215 - WARNING - Unauthorized: /manuscript/manuscript
2020-09-16 00:47:50,219 - WARNING - Unauthorized: /manuscript/manuscript
2020-09-16 00:47:50,222 - WARNING - Unauthorized: /manuscript/manuscript
2020-09-16 00:47:50,226 - WARNING - Unauthorized: /manuscript/manuscript
2020-09-16 00:47:50,232 - WARNING - Unauthorized: /manuscript/manuscript
2020-09-16 00:47:50,238 - WARNING - Unauthorized: /manuscript/manuscript
2020-09-16 00:47:50,242 - WARNING - Unauthorized: /manuscript/manuscript
2020-09-16 00:47:50,247 - WARNING - Unauthorized: /manuscript/manuscript
2020-09-16 00:47:50,250 - WARNING - Unauthorized: /manuscript/manuscript
2020-09-16 00:47:50,256 - WARNING - Unauthorized: /manuscript/manuscript
2020-09-16 00:47:50,259 - WARNING - Unauthorized: /manuscript/manuscript
2020-09-16 00:47:50,266 - WARNING - Unauthorized: /manuscript/manuscript
2020-09-16 00:47:50,270 - WARNING - Unauthorized: /manuscript/manuscript
2020-09-16 00:47:50,274 - WARNING - Unauthorized: /manuscript/manuscript
2020-09-16 00:47:50,281 - WARNING - Unauthorized: /manuscript/manuscript
2020-09-16 00:47:50,284 - WARNING - Unauthorized: /manuscript/manuscript
2020-09-16 00:47:50,291 - WARNING - Unauthorized: /manuscript/manuscript
2020-09-16 00:47:50,299 - WARNING - Unauthorized: /manuscript/manuscript
2020-09-16 00:47:50,303 - WARNING - Unauthorized: /manuscript/manuscript
2020-09-16 00:47:50,306 - WARNING - Unauthorized: /manuscript/manuscript
2020-09-16 00:47:50,312 - WARNING - Unauthorized: /manuscript/manuscript
2020-09-16 00:47:50,316 - WARNING - Unauthorized: /manuscript/manuscript
2020-09-16 00:47:50,321 - WARNING - Unauthorized: /manuscript/manuscript
2020-09-16 00:47:50,326 - WARNING - Unauthorized: /manuscript/manuscript
2020-09-16 00:47:50,332 - WARNING - Unauthorized: /manuscript/manuscript
2020-09-16 00:47:50,336 - WARNING - Unauthorized: /manuscript/manuscript
2020-09-16 00:47:50,340 - WARNING - Unauthorized: /manuscript/manuscript
2020-09-16 00:47:50,347 - WARNING - Unauthorized: /manuscript/manuscript
2020-09-16 00:47:50,353 - WARNING - Unauthorized: /manuscript/manuscript
2020-09-16 00:47:50,358 - WARNING - Unauthorized: /manuscript/manuscript
2020-09-16 00:47:50,361 - WARNING - Unauthorized: /manuscript/manuscript
2020-09-16 00:47:50,377 - WARNING - Unauthorized: /manuscript/manuscript
2020-09-16 00:47:50,382 - WARNING - Unauthorized: /manuscript/manuscript
2020-09-16 00:47:50,385 - WARNING - Unauthorized: /manuscript/manuscript
2020-09-16 00:47:50,402 - WARNING - Unauthorized: /manuscript/manuscript
2020-09-16 00:47:50,409 - WARNING - Unauthorized: /manuscript/manuscript
2020-09-16 00:47:50,471 - WARNING - Unauthorized: /manuscript/manuscript
2020-09-16 00:47:50,473 - WARNING - Unauthorized: /manuscript/manuscript
2020-09-16 00:47:50,481 - WARNING - Unauthorized: /manuscript/manuscript
2020-09-16 00:47:50,491 - WARNING - Unauthorized: /manuscript/manuscript
2020-09-16 00:47:50,503 - WARNING - Unauthorized: /manuscript/manuscript
2020-09-16 00:47:50,508 - WARNING - Unauthorized: /manuscript/manuscript
2020-09-16 00:47:50,512 - WARNING - Unauthorized: /manuscript/manuscript
2020-09-16 00:47:50,521 - WARNING - Unauthorized: /manuscript/manuscript
2020-09-16 00:47:50,524 - WARNING - Unauthorized: /manuscript/manuscript
2020-09-16 00:47:50,527 - WARNING - Unauthorized: /manuscript/manuscript
2020-09-16 00:47:50,535 - WARNING - Unauthorized: /manuscript/manuscript
2020-09-16 00:47:50,538 - WARNING - Unauthorized: /manuscript/manuscript
2020-09-16 00:47:50,541 - WARNING - Unauthorized: /manuscript/manuscript
2020-09-16 00:47:50,548 - WARNING - Unauthorized: /manuscript/manuscript
2020-09-16 00:47:50,551 - WARNING - Unauthorized: /manuscript/manuscript
2020-09-16 00:47:50,554 - WARNING - Unauthorized: /manuscript/manuscript
2020-09-16 00:47:50,562 - WARNING - Unauthorized: /manuscript/manuscript
2020-09-16 00:47:50,568 - WARNING - Unauthorized: /manuscript/manuscript
2020-09-16 00:47:50,573 - WARNING - Unauthorized: /manuscript/manuscript
2020-09-16 00:47:50,577 - WARNING - Unauthorized: /manuscript/manuscript
2020-09-16 00:47:50,584 - WARNING - Unauthorized: /manuscript/manuscript
2020-09-16 00:47:50,587 - WARNING - Unauthorized: /manuscript/manuscript
2020-09-16 00:47:50,591 - WARNING - Unauthorized: /manuscript/manuscript
2020-09-16 00:47:50,597 - WARNING - Unauthorized: /manuscript/manuscript
2020-09-16 00:47:50,601 - WARNING - Unauthorized: /manuscript/manuscript
2020-09-16 00:47:50,604 - WARNING - Unauthorized: /manuscript/manuscript
2020-09-16 00:47:50,609 - WARNING - Unauthorized: /manuscript/manuscript
2020-09-16 00:47:50,613 - WARNING - Unauthorized: /manuscript/manuscript
2020-09-16 00:47:50,617 - WARNING - Unauthorized: /manuscript/manuscript
2020-09-16 00:47:50,621 - WARNING - Unauthorized: /manuscript/manuscript
2020-09-16 00:47:50,625 - WARNING - Unauthorized: /manuscript/manuscript
2020-09-16 00:47:50,629 - WARNING - Unauthorized: /manuscript/manuscript
2020-09-16 00:47:50,633 - WARNING - Unauthorized: /manuscript/manuscript
2020-09-16 00:47:50,637 - WARNING - Unauthorized: /manuscript/manuscript
2020-09-16 00:47:50,639 - WARNING - Unauthorized: /manuscript/manuscript
2020-09-16 00:47:50,643 - WARNING - Unauthorized: /manuscript/manuscript
2020-09-16 00:47:50,648 - WARNING - Unauthorized: /manuscript/manuscript
2020-09-16 00:47:50,652 - WARNING - Unauthorized: /manuscript/manuscript
2020-09-16 00:47:50,657 - WARNING - Unauthorized: /manuscript/manuscript
2020-09-16 00:47:50,661 - WARNING - Unauthorized: /manuscript/manuscript
2020-09-16 00:47:50,664 - WARNING - Unauthorized: /manuscript/manuscript
2020-09-16 00:47:50,668 - WARNING - Unauthorized: /manuscript/manuscript
2020-09-16 00:47:50,671 - WARNING - Unauthorized: /manuscript/manuscript
2020-09-16 00:47:50,675 - WARNING - Unauthorized: /manuscript/manuscript
2020-09-16 00:47:50,679 - WARNING - Unauthorized: /manuscript/manuscript
2020-09-16 00:47:50,682 - WARNING - Unauthorized: /manuscript/manuscript
2020-09-16 00:47:50,688 - WARNING - Unauthorized: /manuscript/manuscript
2020-09-16 00:47:50,690 - WARNING - Unauthorized: /manuscript/manuscript
2020-09-16 00:47:50,693 - WARNING - Unauthorized: /manuscript/manuscript
2020-09-16 00:47:50,697 - WARNING - Unauthorized: /manuscript/manuscript
2020-09-16 00:47:50,703 - WARNING - Unauthorized: /manuscript/manuscript
2020-09-16 00:47:50,712 - WARNING - Unauthorized: /manuscript/manuscript
2020-09-16 00:47:50,717 - WARNING - Unauthorized: /manuscript/manuscript
2020-09-16 00:47:50,722 - WARNING - Unauthorized: /manuscript/manuscript
2020-09-16 00:47:50,734 - WARNING - Unauthorized: /manuscript/manuscript
2020-09-16 00:47:50,738 - WARNING - Unauthorized: /manuscript/manuscript
2020-09-16 00:47:50,749 - WARNING - Unauthorized: /manuscript/manuscript
2020-09-16 00:47:50,754 - WARNING - Unauthorized: /manuscript/manuscript
2020-09-16 00:47:50,765 - WARNING - Unauthorized: /manuscript/manuscript
2020-09-16 00:47:50,768 - WARNING - Unauthorized: /manuscript/manuscript
2020-09-16 00:47:50,774 - WARNING - Unauthorized: /manuscript/manuscript
2020-09-16 00:47:50,782 - WARNING - Unauthorized: /manuscript/manuscript
2020-09-16 00:47:50,789 - WARNING - Unauthorized: /manuscript/manuscript
2020-09-16 00:47:50,794 - WARNING - Unauthorized: /manuscript/manuscript
2020-09-16 00:47:50,803 - WARNING - Unauthorized: /manuscript/manuscript
2020-09-16 00:47:50,815 - WARNING - Unauthorized: /manuscript/manuscript
2020-09-16 00:47:50,819 - WARNING - Unauthorized: /manuscript/manuscript
2020-09-16 00:47:50,826 - WARNING - Unauthorized: /manuscript/manuscript
2020-09-16 00:47:50,831 - WARNING - Unauthorized: /manuscript/manuscript
2020-09-16 00:47:50,839 - WARNING - Unauthorized: /manuscript/manuscript
2020-09-16 00:47:50,843 - WARNING - Unauthorized: /manuscript/manuscript
2020-09-16 00:47:50,850 - WARNING - Unauthorized: /manuscript/manuscript
2020-09-16 00:47:50,853 - WARNING - Unauthorized: /manuscript/manuscript
2020-09-16 00:47:50,858 - WARNING - Unauthorized: /manuscript/manuscript
2020-09-16 00:47:50,871 - WARNING - Unauthorized: /manuscript/manuscript
2020-09-16 00:47:50,878 - WARNING - Unauthorized: /manuscript/manuscript
2020-09-16 00:47:50,883 - WARNING - Unauthorized: /manuscript/manuscript
2020-09-16 00:47:50,887 - WARNING - Unauthorized: /manuscript/manuscript
2020-09-16 00:47:50,889 - WARNING - Unauthorized: /manuscript/manuscript
2020-09-16 00:47:50,894 - WARNING - Unauthorized: /manuscript/manuscript
2020-09-16 00:47:50,900 - WARNING - Unauthorized: /manuscript/manuscript
2020-09-16 00:47:50,902 - WARNING - Unauthorized: /manuscript/manuscript
2020-09-16 00:47:50,906 - WARNING - Unauthorized: /manuscript/manuscript
2020-09-16 00:47:50,911 - WARNING - Unauthorized: /manuscript/manuscript
2020-09-16 00:47:50,914 - WARNING - Unauthorized: /manuscript/manuscript
2020-09-16 00:47:50,922 - WARNING - Unauthorized: /manuscript/manuscript
2020-09-16 00:47:50,928 - WARNING - Unauthorized: /manuscript/manuscript
2020-09-16 00:47:50,936 - WARNING - Unauthorized: /manuscript/manuscript
2020-09-16 00:47:50,939 - WARNING - Unauthorized: /manuscript/manuscript
2020-09-16 00:47:50,948 - WARNING - Unauthorized: /manuscript/manuscript
2020-09-16 00:47:50,966 - WARNING - Unauthorized: /manuscript/manuscript
2020-09-16 00:47:50,975 - WARNING - Unauthorized: /manuscript/manuscript
2020-09-16 00:47:50,978 - WARNING - Unauthorized: /manuscript/manuscript
2020-09-16 00:47:50,990 - WARNING - Unauthorized: /manuscript/manuscript
2020-09-16 00:47:51,000 - WARNING - Unauthorized: /manuscript/manuscript
2020-09-16 00:47:51,007 - WARNING - Unauthorized: /manuscript/manuscript
2020-09-16 00:47:51,015 - WARNING - Unauthorized: /manuscript/manuscript
2020-09-16 00:47:51,018 - WARNING - Unauthorized: /manuscript/manuscript
2020-09-16 00:47:51,027 - WARNING - Unauthorized: /manuscript/manuscript
2020-09-16 00:47:51,038 - WARNING - Unauthorized: /manuscript/manuscript
2020-09-16 00:47:51,041 - WARNING - Unauthorized: /manuscript/manuscript
2020-09-16 00:47:51,049 - WARNING - Unauthorized: /manuscript/manuscript
2020-09-16 00:47:51,053 - WARNING - Unauthorized: /manuscript/manuscript
2020-09-16 00:47:51,057 - WARNING - Unauthorized: /manuscript/manuscript
2020-09-16 00:47:51,063 - WARNING - Unauthorized: /manuscript/manuscript
2020-09-16 00:47:51,066 - WARNING - Unauthorized: /manuscript/manuscript
2020-09-16 00:47:51,069 - WARNING - Unauthorized: /manuscript/manuscript
2020-09-16 00:47:51,075 - WARNING - Unauthorized: /manuscript/manuscript
2020-09-16 00:47:51,087 - WARNING - Unauthorized: /manuscript/manuscript
2020-09-16 00:47:51,089 - WARNING - Unauthorized: /manuscript/manuscript
2020-09-16 00:47:51,094 - WARNING - Unauthorized: /manuscript/manuscript
2020-09-16 00:47:51,099 - WARNING - Unauthorized: /manuscript/manuscript
2020-09-16 00:47:51,102 - WARNING - Unauthorized: /manuscript/manuscript
2020-09-16 00:47:51,107 - WARNING - Unauthorized: /manuscript/manuscript
2020-09-16 00:47:51,111 - WARNING - Unauthorized: /manuscript/manuscript
2020-09-16 00:47:51,127 - WARNING - Unauthorized: /manuscript/manuscript
2020-09-16 00:47:51,139 - WARNING - Unauthorized: /manuscript/manuscript
2020-09-16 00:47:51,143 - WARNING - Unauthorized: /manuscript/manuscript
2020-09-16 00:47:51,150 - WARNING - Unauthorized: /manuscript/manuscript
2020-09-16 00:47:51,155 - WARNING - Unauthorized: /manuscript/manuscript
2020-09-16 00:47:51,164 - WARNING - Unauthorized: /manuscript/manuscript
2020-09-16 00:47:51,168 - WARNING - Unauthorized: /manuscript/manuscript
2020-09-16 00:47:51,175 - WARNING - Unauthorized: /manuscript/manuscript
2020-09-16 00:47:51,182 - WARNING - Unauthorized: /manuscript/manuscript
2020-09-16 00:47:51,189 - WARNING - Unauthorized: /manuscript/manuscript
2020-09-16 00:47:51,193 - WARNING - Unauthorized: /manuscript/manuscript
2020-09-16 00:47:51,195 - WARNING - Unauthorized: /manuscript/manuscript
2020-09-16 00:47:51,206 - WARNING - Unauthorized: /manuscript/manuscript
2020-09-16 00:47:51,209 - WARNING - Unauthorized: /manuscript/manuscript
2020-09-16 00:47:51,214 - WARNING - Unauthorized: /manuscript/manuscript
2020-09-16 00:47:51,225 - WARNING - Unauthorized: /manuscript/manuscript
2020-09-16 00:47:51,231 - WARNING - Unauthorized: /manuscript/manuscript
2020-09-16 00:47:51,242 - WARNING - Unauthorized: /manuscript/manuscript
2020-09-16 00:47:51,246 - WARNING - Unauthorized: /manuscript/manuscript
2020-09-16 00:47:51,255 - WARNING - Unauthorized: /manuscript/manuscript
2020-09-16 00:47:51,258 - WARNING - Unauthorized: /manuscript/manuscript
2020-09-16 00:47:51,264 - WARNING - Unauthorized: /manuscript/manuscript
2020-09-16 00:47:51,272 - WARNING - Unauthorized: /manuscript/manuscript
2020-09-16 00:47:51,279 - WARNING - Unauthorized: /manuscript/manuscript
2020-09-16 00:47:51,285 - WARNING - Unauthorized: /manuscript/manuscript
2020-09-16 00:47:51,288 - WARNING - Unauthorized: /manuscript/manuscript
2020-09-16 00:47:51,292 - WARNING - Unauthorized: /manuscript/manuscript
2020-09-16 00:47:51,295 - WARNING - Unauthorized: /manuscript/manuscript
2020-09-16 00:47:51,300 - WARNING - Unauthorized: /manuscript/manuscript
2020-09-16 00:47:51,305 - WARNING - Unauthorized: /manuscript/manuscript
2020-09-16 00:47:51,309 - WARNING - Unauthorized: /manuscript/manuscript
2020-09-16 00:47:51,316 - WARNING - Unauthorized: /manuscript/manuscript
2020-09-16 00:47:51,320 - WARNING - Unauthorized: /manuscript/manuscript
2020-09-16 00:47:51,325 - WARNING - Unauthorized: /manuscript/manuscript
2020-09-16 00:47:51,336 - WARNING - Unauthorized: /manuscript/manuscript
2020-09-16 00:47:51,341 - WARNING - Unauthorized: /manuscript/manuscript
2020-09-16 00:47:51,345 - WARNING - Unauthorized: /manuscript/manuscript
2020-09-16 00:47:51,349 - WARNING - Unauthorized: /manuscript/manuscript
2020-09-16 00:47:51,355 - WARNING - Unauthorized: /manuscript/manuscript
2020-09-16 00:47:51,361 - WARNING - Unauthorized: /manuscript/manuscript
2020-09-16 00:47:51,372 - WARNING - Unauthorized: /manuscript/manuscript
2020-09-16 00:47:51,379 - WARNING - Unauthorized: /manuscript/manuscript
2020-09-16 00:47:51,383 - WARNING - Unauthorized: /manuscript/manuscript
2020-09-16 00:47:51,386 - WARNING - Unauthorized: /manuscript/manuscript
2020-09-16 00:47:51,390 - WARNING - Unauthorized: /manuscript/manuscript
2020-09-16 00:47:51,394 - WARNING - Unauthorized: /manuscript/manuscript
2020-09-16 00:47:51,398 - WARNING - Unauthorized: /manuscript/manuscript
2020-09-16 00:47:51,406 - WARNING - Unauthorized: /manuscript/manuscript
2020-09-16 00:47:51,410 - WARNING - Unauthorized: /manuscript/manuscript
2020-09-16 00:47:51,415 - WARNING - Unauthorized: /manuscript/manuscript
2020-09-16 00:47:51,418 - WARNING - Unauthorized: /manuscript/manuscript
2020-09-16 00:47:51,421 - WARNING - Unauthorized: /manuscript/manuscript
2020-09-16 00:47:51,424 - WARNING - Unauthorized: /manuscript/manuscript
2020-09-16 00:47:51,429 - WARNING - Unauthorized: /manuscript/manuscript
2020-09-16 00:47:51,442 - WARNING - Unauthorized: /manuscript/manuscript
2020-09-16 00:47:51,450 - WARNING - Unauthorized: /manuscript/manuscript
2020-09-16 00:47:51,453 - WARNING - Unauthorized: /manuscript/manuscript
2020-09-16 00:47:51,457 - WARNING - Unauthorized: /manuscript/manuscript
2020-09-16 00:47:51,460 - WARNING - Unauthorized: /manuscript/manuscript
2020-09-16 00:47:51,464 - WARNING - Unauthorized: /manuscript/manuscript
2020-09-16 00:47:51,468 - WARNING - Unauthorized: /manuscript/manuscript
2020-09-16 00:47:51,471 - WARNING - Unauthorized: /manuscript/manuscript
2020-09-16 00:47:51,475 - WARNING - Unauthorized: /manuscript/manuscript
2020-09-16 00:47:51,479 - WARNING - Unauthorized: /manuscript/manuscript
2020-09-16 00:47:51,482 - WARNING - Unauthorized: /manuscript/manuscript
2020-09-16 00:47:51,486 - WARNING - Unauthorized: /manuscript/manuscript
2020-09-16 00:47:51,490 - WARNING - Unauthorized: /manuscript/manuscript
2020-09-16 00:47:51,494 - WARNING - Unauthorized: /manuscript/manuscript
2020-09-16 00:47:51,497 - WARNING - Unauthorized: /manuscript/manuscript
2020-09-16 00:47:51,592 - WARNING - Unauthorized: /manuscript/manuscript
2020-09-16 00:47:51,613 - WARNING - Unauthorized: /manuscript/manuscript
2020-09-16 00:47:51,617 - WARNING - Unauthorized: /manuscript/manuscript
2020-09-16 00:47:51,621 - WARNING - Unauthorized: /manuscript/manuscript
2020-09-16 00:47:51,625 - WARNING - Unauthorized: /manuscript/manuscript
2020-09-16 00:47:51,630 - WARNING - Unauthorized: /manuscript/manuscript
2020-09-16 00:47:51,633 - WARNING - Unauthorized: /manuscript/manuscript
2020-09-16 00:47:51,639 - WARNING - Unauthorized: /manuscript/manuscript
2020-09-16 00:47:51,642 - WARNING - Unauthorized: /manuscript/manuscript
2020-09-16 00:47:51,646 - WARNING - Unauthorized: /manuscript/manuscript
2020-09-16 00:47:51,650 - WARNING - Unauthorized: /manuscript/manuscript
2020-09-16 00:47:51,655 - WARNING - Unauthorized: /manuscript/manuscript
2020-09-16 00:47:51,658 - WARNING - Unauthorized: /manuscript/manuscript
2020-09-16 00:47:51,662 - WARNING - Unauthorized: /manuscript/manuscript
2020-09-16 00:47:51,666 - WARNING - Unauthorized: /manuscript/manuscript
2020-09-16 00:47:51,670 - WARNING - Unauthorized: /manuscript/manuscript
2020-09-16 00:47:51,674 - WARNING - Unauthorized: /manuscript/manuscript
2020-09-16 00:47:51,677 - WARNING - Unauthorized: /manuscript/manuscript
2020-09-16 00:47:51,681 - WARNING - Unauthorized: /manuscript/manuscript
2020-09-16 00:47:51,685 - WARNING - Unauthorized: /manuscript/manuscript
2020-09-16 00:47:51,689 - WARNING - Unauthorized: /manuscript/manuscript
2020-09-16 00:47:51,691 - WARNING - Unauthorized: /manuscript/manuscript
2020-09-16 00:47:51,695 - WARNING - Unauthorized: /manuscript/manuscript
2020-09-16 00:47:51,698 - WARNING - Unauthorized: /manuscript/manuscript
2020-09-16 00:47:51,701 - WARNING - Unauthorized: /manuscript/manuscript
2020-09-16 00:47:51,705 - WARNING - Unauthorized: /manuscript/manuscript
2020-09-16 00:47:51,708 - WARNING - Unauthorized: /manuscript/manuscript
2020-09-16 00:47:51,712 - WARNING - Unauthorized: /manuscript/manuscript
2020-09-16 00:47:51,716 - WARNING - Unauthorized: /manuscript/manuscript
2020-09-16 00:47:51,720 - WARNING - Unauthorized: /manuscript/manuscript
2020-09-16 00:47:51,722 - WARNING - Unauthorized: /manuscript/manuscript
2020-09-16 00:47:51,726 - WARNING - Unauthorized: /manuscript/manuscript
2020-09-16 00:47:51,729 - WARNING - Unauthorized: /manuscript/manuscript
2020-09-16 00:47:51,741 - WARNING - Unauthorized: /manuscript/manuscript
2020-09-16 00:47:51,753 - WARNING - Unauthorized: /manuscript/manuscript
2020-09-16 00:47:51,757 - WARNING - Unauthorized: /manuscript/manuscript
2020-09-16 00:47:51,761 - WARNING - Unauthorized: /manuscript/manuscript
2020-09-16 00:47:51,765 - WARNING - Unauthorized: /manuscript/manuscript
2020-09-16 00:47:51,768 - WARNING - Unauthorized: /manuscript/manuscript
2020-09-16 00:47:51,773 - WARNING - Unauthorized: /manuscript/manuscript
2020-09-16 00:47:51,776 - WARNING - Unauthorized: /manuscript/manuscript
2020-09-16 00:47:51,782 - WARNING - Unauthorized: /manuscript/manuscript
2020-09-16 00:47:51,788 - WARNING - Unauthorized: /manuscript/manuscript
2020-09-16 00:47:51,791 - WARNING - Unauthorized: /manuscript/manuscript
2020-09-16 00:47:51,817 - WARNING - Unauthorized: /manuscript/manuscript
2020-09-16 00:47:51,820 - WARNING - Unauthorized: /manuscript/manuscript
2020-09-16 00:47:51,824 - WARNING - Unauthorized: /manuscript/manuscript
2020-09-16 00:47:51,842 - WARNING - Unauthorized: /manuscript/manuscript
2020-09-16 00:47:51,845 - WARNING - Unauthorized: /manuscript/manuscript
2020-09-16 00:47:51,853 - WARNING - Unauthorized: /manuscript/manuscript
2020-09-16 00:47:51,855 - WARNING - Unauthorized: /manuscript/manuscript
2020-09-16 00:47:51,858 - WARNING - Unauthorized: /manuscript/manuscript
2020-09-16 00:47:51,865 - WARNING - Unauthorized: /manuscript/manuscript
2020-09-16 00:47:51,868 - WARNING - Unauthorized: /manuscript/manuscript
2020-09-16 00:47:51,871 - WARNING - Unauthorized: /manuscript/manuscript
2020-09-16 00:47:51,876 - WARNING - Unauthorized: /manuscript/manuscript
2020-09-16 00:47:51,879 - WARNING - Unauthorized: /manuscript/manuscript
2020-09-16 00:47:51,885 - WARNING - Unauthorized: /manuscript/manuscript
2020-09-16 00:47:51,889 - WARNING - Unauthorized: /manuscript/manuscript
2020-09-16 00:47:51,894 - WARNING - Unauthorized: /manuscript/manuscript
2020-09-16 00:47:51,899 - WARNING - Unauthorized: /manuscript/manuscript
2020-09-16 00:47:51,904 - WARNING - Unauthorized: /manuscript/manuscript
2020-09-16 00:47:51,907 - WARNING - Unauthorized: /manuscript/manuscript
2020-09-16 00:47:51,911 - WARNING - Unauthorized: /manuscript/manuscript
2020-09-16 01:16:09,269 - DEBUG - Using selector: SelectSelector
2020-09-16 01:16:09,563 - DEBUG - Using selector: SelectSelector
2020-09-16 01:38:52,726 - INFO - Watching for file changes with StatReloader
2020-09-16 01:39:02,847 - DEBUG - Using selector: SelectSelector
2020-09-16 01:39:02,924 - DEBUG - Using selector: SelectSelector
2020-09-16 01:39:05,398 - INFO - Watching for file changes with StatReloader
2020-09-16 01:39:28,841 - DEBUG - Using selector: SelectSelector
2020-09-16 01:39:28,932 - DEBUG - Using selector: SelectSelector
2020-09-16 01:40:22,878 - INFO - Watching for file changes with StatReloader
2020-09-16 01:41:23,979 - DEBUG - Using selector: SelectSelector
2020-09-16 01:41:24,078 - DEBUG - Using selector: SelectSelector
2020-09-16 01:41:26,957 - INFO - Watching for file changes with StatReloader
2020-09-16 01:41:30,253 - WARNING - Not Found: /
2020-09-16 01:41:57,281 - DEBUG - Using selector: SelectSelector
2020-09-16 01:41:57,375 - DEBUG - Using selector: SelectSelector
2020-09-16 01:52:37,842 - INFO - Watching for file changes with StatReloader
2020-09-16 01:53:17,794 - WARNING - Not Found: /
2020-09-16 01:53:36,010 - DEBUG - Using selector: SelectSelector
2020-09-16 01:53:36,095 - DEBUG - Using selector: SelectSelector
